[ 2015-06-11T22:45:32+08:00 ] ::1 /cyKnot/Public/photos/2015-06-11/557910bc92d2e.jpg
INFO: [ app_init ] --START--
INFO: Run Behavior\BuildLiteBehavior [ RunTime:0.000078s ]
INFO: [ app_init ] --END-- [ RunTime:0.000920s ]
ERR: 无法加载模块:Public

[ 2015-06-11T22:45:32+08:00 ] ::1 /cyKnot/Public/photos/2015-06-11/557930281292d.jpg
INFO: [ app_init ] --START--
INFO: Run Behavior\BuildLiteBehavior [ RunTime:0.000065s ]
INFO: [ app_init ] --END-- [ RunTime:0.000909s ]
ERR: 无法加载模块:Public

[ 2015-06-11T22:45:32+08:00 ] ::1 /cyKnot/Public/photos/2015-06-11/55790e96da83b.jpg
INFO: [ app_init ] --START--
INFO: Run Behavior\BuildLiteBehavior [ RunTime:0.000074s ]
INFO: [ app_init ] --END-- [ RunTime:0.001418s ]
ERR: 无法加载模块:Public

[ 2015-06-11T22:45:40+08:00 ] ::1 /cyKnot/Public/photos/2015-06-11/557910bc92d2e.jpg
INFO: [ app_init ] --START--
INFO: Run Behavior\BuildLiteBehavior [ RunTime:0.000070s ]
INFO: [ app_init ] --END-- [ RunTime:0.000858s ]
ERR: 无法加载模块:Public

[ 2015-06-11T22:45:40+08:00 ] ::1 /cyKnot/Public/photos/2015-06-11/557930281292d.jpg
INFO: [ app_init ] --START--
INFO: Run Behavior\BuildLiteBehavior [ RunTime:0.000072s ]
INFO: [ app_init ] --END-- [ RunTime:0.000873s ]
ERR: 无法加载模块:Public

[ 2015-06-11T22:45:40+08:00 ] ::1 /cyKnot/Public/photos/2015-06-11/55790e96da83b.jpg
INFO: [ app_init ] --START--
INFO: Run Behavior\BuildLiteBehavior [ RunTime:0.000084s ]
INFO: [ app_init ] --END-- [ RunTime:0.000847s ]
ERR: 无法加载模块:Public

